<?xml version="1.0" encoding="UTF-8"?>
<!-- Generated by org.testng.reporters.JUnitXMLReporter -->
<testsuite ignored="0" hostname="EPINHYDW0917" failures="3" tests="11" name="testMulValid" time="0.057" errors="0" timestamp="22 Jun 2021 04:12:31 GMT">
  <testcase classname="com.testngProject.calculator.AppTest" name="testCosValue" time="0.007">
    <failure type="junit.framework.AssertionFailedError" message="expected:&amp;lt;0.15425144988758405&amp;gt; but was:&amp;lt;-0.9880316240928618&amp;gt;">
      <![CDATA[junit.framework.AssertionFailedError: expected:<0.15425144988758405> but was:<-0.9880316240928618>
at junit.framework.Assert.fail(Assert.java:47)
at junit.framework.Assert.failNotEquals(Assert.java:282)
at junit.framework.Assert.assertEquals(Assert.java:101)
at junit.framework.Assert.assertEquals(Assert.java:108)
at com.testngProject.calculator.AppTest.testCosValue(AppTest.java:107)
... Removed 25 stack frames]]>
    </failure>
  </testcase> <!-- testCosValue -->
  <testcase classname="com.testngProject.calculator.AppTest" name="testDivValid" time="0.001"/>
  <testcase classname="com.testngProject.calculator.AppTest" name="testMulValid" time="0.001"/>
  <testcase classname="com.testngProject.calculator.AppTest" name="testNumisPositive" time="0.001">
    <failure type="junit.framework.AssertionFailedError" message="expected:&amp;lt;false&amp;gt; but was:&amp;lt;true&amp;gt;">
      <![CDATA[junit.framework.AssertionFailedError: expected:<false> but was:<true>
at junit.framework.Assert.fail(Assert.java:47)
at junit.framework.Assert.failNotEquals(Assert.java:282)
at junit.framework.Assert.assertEquals(Assert.java:64)
at junit.framework.Assert.assertEquals(Assert.java:149)
at junit.framework.Assert.assertEquals(Assert.java:155)
at com.testngProject.calculator.AppTest.testNumisPositive(AppTest.java:118)
... Removed 25 stack frames]]>
    </failure>
  </testcase> <!-- testNumisPositive -->
  <testcase classname="com.testngProject.calculator.AppTest" name="testSinValue" time="0.001"/>
  <testcase classname="com.testngProject.calculator.AppTest" name="testSqrtValid" time="0.002"/>
  <testcase classname="com.testngProject.calculator.AppTest" name="testSuValid" time="0.001"/>
  <testcase classname="com.testngProject.calculator.AppTest" name="testSubValid" time="0.001"/>
  <testcase classname="com.testngProject.calculator.AppTest" name="testSubValid" time="0.001"/>
  <testcase classname="com.testngProject.calculator.AppTest" name="testSumValid" time="0.001">
    <failure type="junit.framework.AssertionFailedError" message="expected:&amp;lt;5.625&amp;gt; but was:&amp;lt;5.0&amp;gt;">
      <![CDATA[junit.framework.AssertionFailedError: expected:<5.625> but was:<5.0>
at junit.framework.Assert.fail(Assert.java:47)
at junit.framework.Assert.failNotEquals(Assert.java:282)
at junit.framework.Assert.assertEquals(Assert.java:101)
at junit.framework.Assert.assertEquals(Assert.java:108)
at com.testngProject.calculator.AppTest.testSumValid(AppTest.java:127)
... Removed 25 stack frames]]>
    </failure>
  </testcase> <!-- testSumValid -->
  <testcase classname="com.testngProject.calculator.AppTest" name="testTanhValue" time="0.001"/>
</testsuite> <!-- testMulValid -->
