<?xml version="1.0" encoding="UTF-8"?>
<!-- Generated by org.testng.reporters.JUnitXMLReporter -->
<testsuite ignored="3" hostname="EPINHYDW0917" failures="2" tests="8" name="testCalculator" time="0.036" errors="0" timestamp="22 Jun 2021 04:27:00 GMT">
  <testcase classname="com.testngProject.calculator.AppTest" name="testSqrtValid" time="0.006"/>
  <testcase classname="com.testngProject.calculator.AppTest" name="testMulValid" time="0.006"/>
  <testcase classname="com.testngProject.calculator.AppTest" name="testSuValid" time="0.006"/>
  <testcase classname="com.testngProject.calculator.AppTest" name="testDivValid" time="0.006"/>
  <testcase classname="com.testngProject.calculator.AppTest" name="testNumisPositive" time="0.006">
    <failure type="junit.framework.AssertionFailedError" message="expected:&amp;lt;false&amp;gt; but was:&amp;lt;true&amp;gt;">
      <![CDATA[junit.framework.AssertionFailedError: expected:<false> but was:<true>
at junit.framework.Assert.fail(Assert.java:47)
at junit.framework.Assert.failNotEquals(Assert.java:282)
at junit.framework.Assert.assertEquals(Assert.java:64)
at junit.framework.Assert.assertEquals(Assert.java:149)
at junit.framework.Assert.assertEquals(Assert.java:155)
at com.testngProject.calculator.AppTest.testNumisPositive(AppTest.java:119)
at java.base/java.util.concurrent.ThreadPoolExecutor.runWorker(ThreadPoolExecutor.java:1130)
at java.base/java.util.concurrent.ThreadPoolExecutor$Worker.run(ThreadPoolExecutor.java:630)
at java.base/java.lang.Thread.run(Thread.java:832)
... Removed 10 stack frames]]>
    </failure>
  </testcase> <!-- testNumisPositive -->
  <testcase classname="com.testngProject.calculator.AppTest" name="testSumValid" time="0.002">
    <failure type="junit.framework.AssertionFailedError" message="expected:&amp;lt;5.625&amp;gt; but was:&amp;lt;5.0&amp;gt;">
      <![CDATA[junit.framework.AssertionFailedError: expected:<5.625> but was:<5.0>
at junit.framework.Assert.fail(Assert.java:47)
at junit.framework.Assert.failNotEquals(Assert.java:282)
at junit.framework.Assert.assertEquals(Assert.java:101)
at junit.framework.Assert.assertEquals(Assert.java:108)
at com.testngProject.calculator.AppTest.testSumValid(AppTest.java:128)
at java.base/java.util.concurrent.ThreadPoolExecutor.runWorker(ThreadPoolExecutor.java:1130)
at java.base/java.util.concurrent.ThreadPoolExecutor$Worker.run(ThreadPoolExecutor.java:630)
at java.base/java.lang.Thread.run(Thread.java:832)
... Removed 10 stack frames]]>
    </failure>
  </testcase> <!-- testSumValid -->
  <testcase classname="com.testngProject.calculator.AppTest" name="testSubValid" time="0.001"/>
  <testcase classname="com.testngProject.calculator.AppTest" name="testSubValid" time="0.0"/>
  <testcase classname="com.testngProject.calculator.AppTest" name="testCosValue" time="0.0">
    <ignored/>
  </testcase> <!-- testCosValue -->
  <testcase classname="com.testngProject.calculator.AppTest" name="testSinValue" time="0.0">
    <ignored/>
  </testcase> <!-- testSinValue -->
  <testcase classname="com.testngProject.calculator.AppTest" name="testTanhValue" time="0.0">
    <ignored/>
  </testcase> <!-- testTanhValue -->
</testsuite> <!-- testCalculator -->
