<html>
<head>
<title>TestNG:  testCalculator</title>
<link href="../testng.css" rel="stylesheet" type="text/css" />
<link href="../my-testng.css" rel="stylesheet" type="text/css" />

<style type="text/css">
.log { display: none;} 
.stack-trace { display: none;} 
</style>
<script type="text/javascript">
<!--
function flip(e) {
  current = e.style.display;
  if (current == 'block') {
    e.style.display = 'none';
    return 0;
  }
  else {
    e.style.display = 'block';
    return 1;
  }
}

function toggleBox(szDivId, elem, msg1, msg2)
{
  var res = -1;  if (document.getElementById) {
    res = flip(document.getElementById(szDivId));
  }
  else if (document.all) {
    // this is the way old msie versions work
    res = flip(document.all[szDivId]);
  }
  if(elem) {
    if(res == 0) elem.innerHTML = msg1; else elem.innerHTML = msg2;
  }

}

function toggleAllBoxes() {
  if (document.getElementsByTagName) {
    d = document.getElementsByTagName('div');
    for (i = 0; i < d.length; i++) {
      if (d[i].className == 'log') {
        flip(d[i]);
      }
    }
  }
}

// -->
</script>

</head>
<body>
<h2 align='center'>testCalculator</h2><table border='1' align="center">
<tr>
<td>Tests passed/Failed/Skipped:</td><td>8/3/0</td>
</tr><tr>
<td>Started on:</td><td>Tue Jun 22 10:39:19 IST 2021</td>
</tr>
<tr><td>Total time:</td><td>0 seconds (27 ms)</td>
</tr><tr>
<td>Included groups:</td><td></td>
</tr><tr>
<td>Excluded groups:</td><td></td>
</tr>
</table><p/>
<small><i>(Hover the method name to see the test class name)</i></small><p/>
<table width='100%' border='1' class='invocation-failed'>
<tr><td colspan='4' align='center'><b>FAILED TESTS</b></td></tr>
<tr><td><b>Test method</b></td>
<td width="30%"><b>Exception</b></td>
<td width="10%"><b>Time (seconds)</b></td>
<td><b>Instance</b></td>
</tr>
<tr>
<td title='com.testngProject.calculator.AppTest.testCosValue()'><b>testCosValue</b><br>Test class: com.testngProject.calculator.AppTest</td>
<td><div><pre>junit.framework.AssertionFailedError: expected:&lt;0.15425144988758405&gt; but was:&lt;-0.9880316240928618&gt;
	at junit.framework.Assert.fail(Assert.java:47)
	at junit.framework.Assert.failNotEquals(Assert.java:282)
	at junit.framework.Assert.assertEquals(Assert.java:101)
	at junit.framework.Assert.assertEquals(Assert.java:108)
	at com.testngProject.calculator.AppTest.testCosValue(AppTest.java:108)
	at com.testngProject.calculator.TestNgMain.main(TestNgMain.java:17)
... Removed 22 stack frames</pre></div><a href='#' onClick='toggleBox("stack-trace1016925085", this, "Click to show all stack frames", "Click to hide stack frames")'>Click to show all stack frames</a>
<div class='stack-trace' id='stack-trace1016925085'><pre>junit.framework.AssertionFailedError: expected:&lt;0.15425144988758405&gt; but was:&lt;-0.9880316240928618&gt;
	at junit.framework.Assert.fail(Assert.java:47)
	at junit.framework.Assert.failNotEquals(Assert.java:282)
	at junit.framework.Assert.assertEquals(Assert.java:101)
	at junit.framework.Assert.assertEquals(Assert.java:108)
	at com.testngProject.calculator.AppTest.testCosValue(AppTest.java:108)
	at java.base/jdk.internal.reflect.NativeMethodAccessorImpl.invoke0(Native Method)
	at java.base/jdk.internal.reflect.NativeMethodAccessorImpl.invoke(NativeMethodAccessorImpl.java:64)
	at java.base/jdk.internal.reflect.DelegatingMethodAccessorImpl.invoke(DelegatingMethodAccessorImpl.java:43)
	at java.base/java.lang.reflect.Method.invoke(Method.java:564)
	at org.testng.internal.MethodInvocationHelper.invokeMethod(MethodInvocationHelper.java:124)
	at org.testng.internal.Invoker.invokeMethod(Invoker.java:583)
	at org.testng.internal.Invoker.invokeTestMethod(Invoker.java:719)
	at org.testng.internal.Invoker.invokeTestMethods(Invoker.java:989)
	at org.testng.internal.TestMethodWorker.invokeTestMethods(TestMethodWorker.java:125)
	at org.testng.internal.TestMethodWorker.run(TestMethodWorker.java:109)
	at org.testng.TestRunner.privateRun(TestRunner.java:648)
	at org.testng.TestRunner.run(TestRunner.java:505)
	at org.testng.SuiteRunner.runTest(SuiteRunner.java:455)
	at org.testng.SuiteRunner.runSequentially(SuiteRunner.java:450)
	at org.testng.SuiteRunner.privateRun(SuiteRunner.java:415)
	at org.testng.SuiteRunner.run(SuiteRunner.java:364)
	at org.testng.SuiteRunnerWorker.runSuite(SuiteRunnerWorker.java:52)
	at org.testng.SuiteRunnerWorker.run(SuiteRunnerWorker.java:84)
	at org.testng.TestNG.runSuitesSequentially(TestNG.java:1208)
	at org.testng.TestNG.runSuitesLocally(TestNG.java:1137)
	at org.testng.TestNG.runSuites(TestNG.java:1049)
	at org.testng.TestNG.run(TestNG.java:1017)
	at com.testngProject.calculator.TestNgMain.main(TestNgMain.java:17)
</pre></div></td>
<td>0</td>
<td>com.testngProject.calculator.AppTest@7bb58ca3</td></tr>
<tr>
<td title='com.testngProject.calculator.AppTest.testNumisPositive()'><b>testNumisPositive</b><br>Test class: com.testngProject.calculator.AppTest</td>
<td><div><pre>junit.framework.AssertionFailedError: expected:&lt;false&gt; but was:&lt;true&gt;
	at junit.framework.Assert.fail(Assert.java:47)
	at junit.framework.Assert.failNotEquals(Assert.java:282)
	at junit.framework.Assert.assertEquals(Assert.java:64)
	at junit.framework.Assert.assertEquals(Assert.java:149)
	at junit.framework.Assert.assertEquals(Assert.java:155)
	at com.testngProject.calculator.AppTest.testNumisPositive(AppTest.java:119)
	at com.testngProject.calculator.TestNgMain.main(TestNgMain.java:17)
... Removed 22 stack frames</pre></div><a href='#' onClick='toggleBox("stack-trace222511810", this, "Click to show all stack frames", "Click to hide stack frames")'>Click to show all stack frames</a>
<div class='stack-trace' id='stack-trace222511810'><pre>junit.framework.AssertionFailedError: expected:&lt;false&gt; but was:&lt;true&gt;
	at junit.framework.Assert.fail(Assert.java:47)
	at junit.framework.Assert.failNotEquals(Assert.java:282)
	at junit.framework.Assert.assertEquals(Assert.java:64)
	at junit.framework.Assert.assertEquals(Assert.java:149)
	at junit.framework.Assert.assertEquals(Assert.java:155)
	at com.testngProject.calculator.AppTest.testNumisPositive(AppTest.java:119)
	at java.base/jdk.internal.reflect.NativeMethodAccessorImpl.invoke0(Native Method)
	at java.base/jdk.internal.reflect.NativeMethodAccessorImpl.invoke(NativeMethodAccessorImpl.java:64)
	at java.base/jdk.internal.reflect.DelegatingMethodAccessorImpl.invoke(DelegatingMethodAccessorImpl.java:43)
	at java.base/java.lang.reflect.Method.invoke(Method.java:564)
	at org.testng.internal.MethodInvocationHelper.invokeMethod(MethodInvocationHelper.java:124)
	at org.testng.internal.Invoker.invokeMethod(Invoker.java:583)
	at org.testng.internal.Invoker.invokeTestMethod(Invoker.java:719)
	at org.testng.internal.Invoker.invokeTestMethods(Invoker.java:989)
	at org.testng.internal.TestMethodWorker.invokeTestMethods(TestMethodWorker.java:125)
	at org.testng.internal.TestMethodWorker.run(TestMethodWorker.java:109)
	at org.testng.TestRunner.privateRun(TestRunner.java:648)
	at org.testng.TestRunner.run(TestRunner.java:505)
	at org.testng.SuiteRunner.runTest(SuiteRunner.java:455)
	at org.testng.SuiteRunner.runSequentially(SuiteRunner.java:450)
	at org.testng.SuiteRunner.privateRun(SuiteRunner.java:415)
	at org.testng.SuiteRunner.run(SuiteRunner.java:364)
	at org.testng.SuiteRunnerWorker.runSuite(SuiteRunnerWorker.java:52)
	at org.testng.SuiteRunnerWorker.run(SuiteRunnerWorker.java:84)
	at org.testng.TestNG.runSuitesSequentially(TestNG.java:1208)
	at org.testng.TestNG.runSuitesLocally(TestNG.java:1137)
	at org.testng.TestNG.runSuites(TestNG.java:1049)
	at org.testng.TestNG.run(TestNG.java:1017)
	at com.testngProject.calculator.TestNgMain.main(TestNgMain.java:17)
</pre></div></td>
<td>0</td>
<td>com.testngProject.calculator.AppTest@7bb58ca3</td></tr>
<tr>
<td title='com.testngProject.calculator.AppTest.testSumValid()'><b>testSumValid</b><br>Test class: com.testngProject.calculator.AppTest</td>
<td><div><pre>junit.framework.AssertionFailedError: expected:&lt;5.625&gt; but was:&lt;5.0&gt;
	at junit.framework.Assert.fail(Assert.java:47)
	at junit.framework.Assert.failNotEquals(Assert.java:282)
	at junit.framework.Assert.assertEquals(Assert.java:101)
	at junit.framework.Assert.assertEquals(Assert.java:108)
	at com.testngProject.calculator.AppTest.testSumValid(AppTest.java:128)
	at com.testngProject.calculator.TestNgMain.main(TestNgMain.java:17)
... Removed 22 stack frames</pre></div><a href='#' onClick='toggleBox("stack-trace2005733474", this, "Click to show all stack frames", "Click to hide stack frames")'>Click to show all stack frames</a>
<div class='stack-trace' id='stack-trace2005733474'><pre>junit.framework.AssertionFailedError: expected:&lt;5.625&gt; but was:&lt;5.0&gt;
	at junit.framework.Assert.fail(Assert.java:47)
	at junit.framework.Assert.failNotEquals(Assert.java:282)
	at junit.framework.Assert.assertEquals(Assert.java:101)
	at junit.framework.Assert.assertEquals(Assert.java:108)
	at com.testngProject.calculator.AppTest.testSumValid(AppTest.java:128)
	at java.base/jdk.internal.reflect.NativeMethodAccessorImpl.invoke0(Native Method)
	at java.base/jdk.internal.reflect.NativeMethodAccessorImpl.invoke(NativeMethodAccessorImpl.java:64)
	at java.base/jdk.internal.reflect.DelegatingMethodAccessorImpl.invoke(DelegatingMethodAccessorImpl.java:43)
	at java.base/java.lang.reflect.Method.invoke(Method.java:564)
	at org.testng.internal.MethodInvocationHelper.invokeMethod(MethodInvocationHelper.java:124)
	at org.testng.internal.Invoker.invokeMethod(Invoker.java:583)
	at org.testng.internal.Invoker.invokeTestMethod(Invoker.java:719)
	at org.testng.internal.Invoker.invokeTestMethods(Invoker.java:989)
	at org.testng.internal.TestMethodWorker.invokeTestMethods(TestMethodWorker.java:125)
	at org.testng.internal.TestMethodWorker.run(TestMethodWorker.java:109)
	at org.testng.TestRunner.privateRun(TestRunner.java:648)
	at org.testng.TestRunner.run(TestRunner.java:505)
	at org.testng.SuiteRunner.runTest(SuiteRunner.java:455)
	at org.testng.SuiteRunner.runSequentially(SuiteRunner.java:450)
	at org.testng.SuiteRunner.privateRun(SuiteRunner.java:415)
	at org.testng.SuiteRunner.run(SuiteRunner.java:364)
	at org.testng.SuiteRunnerWorker.runSuite(SuiteRunnerWorker.java:52)
	at org.testng.SuiteRunnerWorker.run(SuiteRunnerWorker.java:84)
	at org.testng.TestNG.runSuitesSequentially(TestNG.java:1208)
	at org.testng.TestNG.runSuitesLocally(TestNG.java:1137)
	at org.testng.TestNG.runSuites(TestNG.java:1049)
	at org.testng.TestNG.run(TestNG.java:1017)
	at com.testngProject.calculator.TestNgMain.main(TestNgMain.java:17)
</pre></div></td>
<td>0</td>
<td>com.testngProject.calculator.AppTest@7bb58ca3</td></tr>
</table><p>
<table width='100%' border='1' class='invocation-passed'>
<tr><td colspan='4' align='center'><b>PASSED TESTS</b></td></tr>
<tr><td><b>Test method</b></td>
<td width="30%"><b>Exception</b></td>
<td width="10%"><b>Time (seconds)</b></td>
<td><b>Instance</b></td>
</tr>
<tr>
<td title='com.testngProject.calculator.AppTest.testDivValid()'><b>testDivValid</b><br>Test class: com.testngProject.calculator.AppTest</td>
<td><div><pre>java.lang.NumberFormatException: Attempt to divide by zero
	at com.epam.tat.module4.Calculator.div(Calculator.java:34)
	at com.testngProject.calculator.AppTest.testDivValid(AppTest.java:72)
	at com.testngProject.calculator.TestNgMain.main(TestNgMain.java:17)
... Removed 22 stack frames</pre></div><a href='#' onClick='toggleBox("stack-trace436532993", this, "Click to show all stack frames", "Click to hide stack frames")'>Click to show all stack frames</a>
<div class='stack-trace' id='stack-trace436532993'><pre>java.lang.NumberFormatException: Attempt to divide by zero
	at com.epam.tat.module4.Calculator.div(Calculator.java:34)
	at com.testngProject.calculator.AppTest.testDivValid(AppTest.java:72)
	at java.base/jdk.internal.reflect.NativeMethodAccessorImpl.invoke0(Native Method)
	at java.base/jdk.internal.reflect.NativeMethodAccessorImpl.invoke(NativeMethodAccessorImpl.java:64)
	at java.base/jdk.internal.reflect.DelegatingMethodAccessorImpl.invoke(DelegatingMethodAccessorImpl.java:43)
	at java.base/java.lang.reflect.Method.invoke(Method.java:564)
	at org.testng.internal.MethodInvocationHelper.invokeMethod(MethodInvocationHelper.java:124)
	at org.testng.internal.Invoker.invokeMethod(Invoker.java:583)
	at org.testng.internal.Invoker.invokeTestMethod(Invoker.java:719)
	at org.testng.internal.Invoker.invokeTestMethods(Invoker.java:989)
	at org.testng.internal.TestMethodWorker.invokeTestMethods(TestMethodWorker.java:125)
	at org.testng.internal.TestMethodWorker.run(TestMethodWorker.java:109)
	at org.testng.TestRunner.privateRun(TestRunner.java:648)
	at org.testng.TestRunner.run(TestRunner.java:505)
	at org.testng.SuiteRunner.runTest(SuiteRunner.java:455)
	at org.testng.SuiteRunner.runSequentially(SuiteRunner.java:450)
	at org.testng.SuiteRunner.privateRun(SuiteRunner.java:415)
	at org.testng.SuiteRunner.run(SuiteRunner.java:364)
	at org.testng.SuiteRunnerWorker.runSuite(SuiteRunnerWorker.java:52)
	at org.testng.SuiteRunnerWorker.run(SuiteRunnerWorker.java:84)
	at org.testng.TestNG.runSuitesSequentially(TestNG.java:1208)
	at org.testng.TestNG.runSuitesLocally(TestNG.java:1137)
	at org.testng.TestNG.runSuites(TestNG.java:1049)
	at org.testng.TestNG.run(TestNG.java:1017)
	at com.testngProject.calculator.TestNgMain.main(TestNgMain.java:17)
</pre></div></td>
<td>0</td>
<td>com.testngProject.calculator.AppTest@7bb58ca3</td></tr>
<tr>
<td title='com.testngProject.calculator.AppTest.testMulValid()'><b>testMulValid</b><br>Test class: com.testngProject.calculator.AppTest</td>
<td></td>
<td>0</td>
<td>com.testngProject.calculator.AppTest@7bb58ca3</td></tr>
<tr>
<td title='com.testngProject.calculator.AppTest.testSinValue()'><b>testSinValue</b><br>Test class: com.testngProject.calculator.AppTest</td>
<td></td>
<td>0</td>
<td>com.testngProject.calculator.AppTest@7bb58ca3</td></tr>
<tr>
<td title='com.testngProject.calculator.AppTest.testSqrtValid()'><b>testSqrtValid</b><br>Test class: com.testngProject.calculator.AppTest</td>
<td></td>
<td>0</td>
<td>com.testngProject.calculator.AppTest@7bb58ca3</td></tr>
<tr>
<td title='com.testngProject.calculator.AppTest.testSuValid()'><b>testSuValid</b><br>Test class: com.testngProject.calculator.AppTest</td>
<td></td>
<td>0</td>
<td>com.testngProject.calculator.AppTest@7bb58ca3</td></tr>
<tr>
<td title='com.testngProject.calculator.AppTest.testSubValid()'><b>testSubValid</b><br>Test class: com.testngProject.calculator.AppTest<br>Parameters: 2, 3, -1</td>
<td></td>
<td>0</td>
<td>com.testngProject.calculator.AppTest@7bb58ca3</td></tr>
<tr>
<td title='com.testngProject.calculator.AppTest.testSubValid()'><b>testSubValid</b><br>Test class: com.testngProject.calculator.AppTest<br>Parameters: 5, 7, -2</td>
<td></td>
<td>0</td>
<td>com.testngProject.calculator.AppTest@7bb58ca3</td></tr>
<tr>
<td title='com.testngProject.calculator.AppTest.testTanhValue()'><b>testTanhValue</b><br>Test class: com.testngProject.calculator.AppTest</td>
<td></td>
<td>0</td>
<td>com.testngProject.calculator.AppTest@7bb58ca3</td></tr>
</table><p>
</body>
</html>